2024-05-28T09:39:38.358-03:00  INFO 25756 --- [Notas] [main] com.domain.Notas.NotasApplicationTests   : Starting NotasApplicationTests using Java 17.0.6 with PID 25756 (started by colaborador in C:\Users\colaborador\Desktop\Notas)
2024-05-28T09:39:38.369-03:00 DEBUG 25756 --- [Notas] [main] com.domain.Notas.NotasApplicationTests   : Running with Spring Boot v3.3.0, Spring v6.1.8
2024-05-28T09:39:38.371-03:00  INFO 25756 --- [Notas] [main] com.domain.Notas.NotasApplicationTests   : No active profile set, falling back to 1 default profile: "default"
2024-05-28T09:39:39.733-03:00  INFO 25756 --- [Notas] [main] .s.d.r.c.RepositoryConfigurationDelegate : Bootstrapping Spring Data JPA repositories in DEFAULT mode.
2024-05-28T09:39:39.824-03:00  INFO 25756 --- [Notas] [main] .s.d.r.c.RepositoryConfigurationDelegate : Finished Spring Data repository scanning in 71 ms. Found 1 JPA repository interface.
2024-05-28T09:39:40.830-03:00  INFO 25756 --- [Notas] [main] o.hibernate.jpa.internal.util.LogHelper  : HHH000204: Processing PersistenceUnitInfo [name: default]
2024-05-28T09:39:40.951-03:00  INFO 25756 --- [Notas] [main] org.hibernate.Version                    : HHH000412: Hibernate ORM core version 6.5.2.Final
2024-05-28T09:39:41.003-03:00  INFO 25756 --- [Notas] [main] o.h.c.internal.RegionFactoryInitiator    : HHH000026: Second-level cache disabled
2024-05-28T09:39:41.634-03:00  INFO 25756 --- [Notas] [main] o.s.o.j.p.SpringPersistenceUnitInfo      : No LoadTimeWeaver setup: ignoring JPA class transformer
2024-05-28T09:39:41.683-03:00  INFO 25756 --- [Notas] [main] com.zaxxer.hikari.HikariDataSource       : HikariPool-1 - Starting...
2024-05-28T09:39:42.359-03:00  INFO 25756 --- [Notas] [main] com.zaxxer.hikari.pool.HikariPool        : HikariPool-1 - Added connection com.mysql.cj.jdbc.ConnectionImpl@56f9de3b
2024-05-28T09:39:42.363-03:00  INFO 25756 --- [Notas] [main] com.zaxxer.hikari.HikariDataSource       : HikariPool-1 - Start completed.
2024-05-28T09:39:43.952-03:00  INFO 25756 --- [Notas] [main] o.h.e.t.j.p.i.JtaPlatformInitiator       : HHH000489: No JTA platform available (set 'hibernate.transaction.jta.platform' to enable JTA platform integration)
2024-05-28T09:39:44.065-03:00  INFO 25756 --- [Notas] [main] j.LocalContainerEntityManagerFactoryBean : Initialized JPA EntityManagerFactory for persistence unit 'default'
2024-05-28T09:39:44.927-03:00  WARN 25756 --- [Notas] [main] JpaBaseConfiguration$JpaWebConfiguration : spring.jpa.open-in-view is enabled by default. Therefore, database queries may be performed during view rendering. Explicitly configure spring.jpa.open-in-view to disable this warning
2024-05-28T09:39:45.693-03:00  INFO 25756 --- [Notas] [main] com.domain.Notas.NotasApplicationTests   : Started NotasApplicationTests in 7.8 seconds (process running for 9.698)
2024-05-28T09:39:46.366-03:00  INFO 25756 --- [Notas] [SpringApplicationShutdownHook] j.LocalContainerEntityManagerFactoryBean : Closing JPA EntityManagerFactory for persistence unit 'default'
2024-05-28T09:39:46.369-03:00  INFO 25756 --- [Notas] [SpringApplicationShutdownHook] com.zaxxer.hikari.HikariDataSource       : HikariPool-1 - Shutdown initiated...
2024-05-28T09:39:46.381-03:00  INFO 25756 --- [Notas] [SpringApplicationShutdownHook] com.zaxxer.hikari.HikariDataSource       : HikariPool-1 - Shutdown completed.
2024-05-28T10:13:58.605-03:00  INFO 49832 --- [Notas] [main] com.domain.Notas.NotasApplicationTests   : Starting NotasApplicationTests using Java 17.0.6 with PID 49832 (started by colaborador in C:\Users\colaborador\Desktop\Notas)
2024-05-28T10:13:58.607-03:00 DEBUG 49832 --- [Notas] [main] com.domain.Notas.NotasApplicationTests   : Running with Spring Boot v3.3.0, Spring v6.1.8
2024-05-28T10:13:58.608-03:00  INFO 49832 --- [Notas] [main] com.domain.Notas.NotasApplicationTests   : No active profile set, falling back to 1 default profile: "default"
2024-05-28T10:13:59.837-03:00  INFO 49832 --- [Notas] [main] .s.d.r.c.RepositoryConfigurationDelegate : Bootstrapping Spring Data JPA repositories in DEFAULT mode.
2024-05-28T10:13:59.911-03:00  INFO 49832 --- [Notas] [main] .s.d.r.c.RepositoryConfigurationDelegate : Finished Spring Data repository scanning in 61 ms. Found 1 JPA repository interface.
2024-05-28T10:14:00.672-03:00  INFO 49832 --- [Notas] [main] o.hibernate.jpa.internal.util.LogHelper  : HHH000204: Processing PersistenceUnitInfo [name: default]
2024-05-28T10:14:00.806-03:00  INFO 49832 --- [Notas] [main] org.hibernate.Version                    : HHH000412: Hibernate ORM core version 6.5.2.Final
2024-05-28T10:14:00.902-03:00  INFO 49832 --- [Notas] [main] o.h.c.internal.RegionFactoryInitiator    : HHH000026: Second-level cache disabled
2024-05-28T10:14:01.534-03:00  INFO 49832 --- [Notas] [main] o.s.o.j.p.SpringPersistenceUnitInfo      : No LoadTimeWeaver setup: ignoring JPA class transformer
2024-05-28T10:14:01.592-03:00  INFO 49832 --- [Notas] [main] com.zaxxer.hikari.HikariDataSource       : HikariPool-1 - Starting...
2024-05-28T10:14:02.115-03:00  INFO 49832 --- [Notas] [main] com.zaxxer.hikari.pool.HikariPool        : HikariPool-1 - Added connection com.mysql.cj.jdbc.ConnectionImpl@4ae49387
2024-05-28T10:14:02.117-03:00  INFO 49832 --- [Notas] [main] com.zaxxer.hikari.HikariDataSource       : HikariPool-1 - Start completed.
2024-05-28T10:14:03.169-03:00  INFO 49832 --- [Notas] [main] o.h.e.t.j.p.i.JtaPlatformInitiator       : HHH000489: No JTA platform available (set 'hibernate.transaction.jta.platform' to enable JTA platform integration)
2024-05-28T10:14:03.388-03:00  INFO 49832 --- [Notas] [main] j.LocalContainerEntityManagerFactoryBean : Initialized JPA EntityManagerFactory for persistence unit 'default'
2024-05-28T10:14:04.163-03:00  WARN 49832 --- [Notas] [main] JpaBaseConfiguration$JpaWebConfiguration : spring.jpa.open-in-view is enabled by default. Therefore, database queries may be performed during view rendering. Explicitly configure spring.jpa.open-in-view to disable this warning
2024-05-28T10:14:04.930-03:00  INFO 49832 --- [Notas] [main] com.domain.Notas.NotasApplicationTests   : Started NotasApplicationTests in 6.704 seconds (process running for 8.164)
2024-05-28T10:14:05.833-03:00  INFO 49832 --- [Notas] [SpringApplicationShutdownHook] j.LocalContainerEntityManagerFactoryBean : Closing JPA EntityManagerFactory for persistence unit 'default'
2024-05-28T10:14:05.837-03:00  INFO 49832 --- [Notas] [SpringApplicationShutdownHook] com.zaxxer.hikari.HikariDataSource       : HikariPool-1 - Shutdown initiated...
2024-05-28T10:14:05.853-03:00  INFO 49832 --- [Notas] [SpringApplicationShutdownHook] com.zaxxer.hikari.HikariDataSource       : HikariPool-1 - Shutdown completed.
2024-05-28T10:14:09.855-03:00  INFO 42568 --- [Notas] [main] com.domain.Notas.NotasApplication        : Starting NotasApplication using Java 17.0.6 with PID 42568 (C:\Users\colaborador\Desktop\Notas\target\classes started by colaborador in C:\Users\colaborador\Desktop\Notas)
2024-05-28T10:14:09.858-03:00 DEBUG 42568 --- [Notas] [main] com.domain.Notas.NotasApplication        : Running with Spring Boot v3.3.0, Spring v6.1.8
2024-05-28T10:14:09.859-03:00  INFO 42568 --- [Notas] [main] com.domain.Notas.NotasApplication        : No active profile set, falling back to 1 default profile: "default"
2024-05-28T10:14:11.118-03:00  INFO 42568 --- [Notas] [main] .s.d.r.c.RepositoryConfigurationDelegate : Bootstrapping Spring Data JPA repositories in DEFAULT mode.
2024-05-28T10:14:11.164-03:00  INFO 42568 --- [Notas] [main] .s.d.r.c.RepositoryConfigurationDelegate : Finished Spring Data repository scanning in 38 ms. Found 1 JPA repository interface.
2024-05-28T10:14:11.930-03:00  INFO 42568 --- [Notas] [main] o.s.b.w.embedded.tomcat.TomcatWebServer  : Tomcat initialized with port 8080 (http)
2024-05-28T10:14:11.943-03:00  INFO 42568 --- [Notas] [main] o.apache.catalina.core.StandardService   : Starting service [Tomcat]
2024-05-28T10:14:11.943-03:00  INFO 42568 --- [Notas] [main] o.apache.catalina.core.StandardEngine    : Starting Servlet engine: [Apache Tomcat/10.1.24]
2024-05-28T10:14:12.023-03:00  INFO 42568 --- [Notas] [main] o.a.c.c.C.[Tomcat].[localhost].[/]       : Initializing Spring embedded WebApplicationContext
2024-05-28T10:14:12.024-03:00  INFO 42568 --- [Notas] [main] w.s.c.ServletWebServerApplicationContext : Root WebApplicationContext: initialization completed in 2094 ms
2024-05-28T10:14:12.268-03:00  INFO 42568 --- [Notas] [main] o.hibernate.jpa.internal.util.LogHelper  : HHH000204: Processing PersistenceUnitInfo [name: default]
2024-05-28T10:14:12.350-03:00  INFO 42568 --- [Notas] [main] org.hibernate.Version                    : HHH000412: Hibernate ORM core version 6.5.2.Final
2024-05-28T10:14:12.390-03:00  INFO 42568 --- [Notas] [main] o.h.c.internal.RegionFactoryInitiator    : HHH000026: Second-level cache disabled
2024-05-28T10:14:12.739-03:00  INFO 42568 --- [Notas] [main] o.s.o.j.p.SpringPersistenceUnitInfo      : No LoadTimeWeaver setup: ignoring JPA class transformer
2024-05-28T10:14:12.774-03:00  INFO 42568 --- [Notas] [main] com.zaxxer.hikari.HikariDataSource       : HikariPool-1 - Starting...
2024-05-28T10:14:13.060-03:00  INFO 42568 --- [Notas] [main] com.zaxxer.hikari.pool.HikariPool        : HikariPool-1 - Added connection com.mysql.cj.jdbc.ConnectionImpl@503556cb
2024-05-28T10:14:13.062-03:00  INFO 42568 --- [Notas] [main] com.zaxxer.hikari.HikariDataSource       : HikariPool-1 - Start completed.
2024-05-28T10:14:14.069-03:00  INFO 42568 --- [Notas] [main] o.h.e.t.j.p.i.JtaPlatformInitiator       : HHH000489: No JTA platform available (set 'hibernate.transaction.jta.platform' to enable JTA platform integration)
2024-05-28T10:14:14.114-03:00  INFO 42568 --- [Notas] [main] j.LocalContainerEntityManagerFactoryBean : Initialized JPA EntityManagerFactory for persistence unit 'default'
2024-05-28T10:14:14.589-03:00  WARN 42568 --- [Notas] [main] JpaBaseConfiguration$JpaWebConfiguration : spring.jpa.open-in-view is enabled by default. Therefore, database queries may be performed during view rendering. Explicitly configure spring.jpa.open-in-view to disable this warning
2024-05-28T10:14:15.254-03:00  INFO 42568 --- [Notas] [main] o.s.b.w.embedded.tomcat.TomcatWebServer  : Tomcat started on port 8080 (http) with context path '/'
2024-05-28T10:14:15.272-03:00  INFO 42568 --- [Notas] [main] com.domain.Notas.NotasApplication        : Started NotasApplication in 6.044 seconds (process running for 6.633)
2024-05-28T10:14:38.631-03:00  INFO 42568 --- [Notas] [SpringApplicationShutdownHook] j.LocalContainerEntityManagerFactoryBean : Closing JPA EntityManagerFactory for persistence unit 'default'
2024-05-28T10:14:38.633-03:00  INFO 42568 --- [Notas] [SpringApplicationShutdownHook] com.zaxxer.hikari.HikariDataSource       : HikariPool-1 - Shutdown initiated...
2024-05-28T10:14:38.642-03:00  INFO 42568 --- [Notas] [SpringApplicationShutdownHook] com.zaxxer.hikari.HikariDataSource       : HikariPool-1 - Shutdown completed.
